2026-01-30T17:44:06: 
2026-01-30T17:44:06: > detailer-app@0.1.0 start
2026-01-30T17:44:06: > next start
2026-01-30T17:44:06: 
2026-01-30T17:44:06: ▲ Next.js 16.1.6
2026-01-30T17:44:06: - Local:         http://localhost:6060
2026-01-30T17:44:06: - Network:       http://192.168.254.110:6060
2026-01-30T17:44:06: 
2026-01-30T17:44:06: ✓ Starting...
2026-01-30T17:44:07: 
2026-01-30T17:44:07: > detailer-app@0.1.0 start
2026-01-30T17:44:07: > next start
2026-01-30T17:44:07: 
2026-01-30T17:44:07: ▲ Next.js 16.1.6
2026-01-30T17:44:07: - Local:         http://localhost:6060
2026-01-30T17:44:07: - Network:       http://192.168.254.110:6060
2026-01-30T17:44:07: 
2026-01-30T17:44:07: ✓ Starting...
2026-01-30T17:44:07: 
2026-01-30T17:44:07: > detailer-app@0.1.0 start
2026-01-30T17:44:07: > next start
2026-01-30T17:44:07: 
2026-01-30T17:44:07: ▲ Next.js 16.1.6
2026-01-30T17:44:07: - Local:         http://localhost:6060
2026-01-30T17:44:07: - Network:       http://192.168.254.110:6060
2026-01-30T17:44:07: 
2026-01-30T17:44:07: ✓ Starting...
2026-01-30T17:44:08: 
2026-01-30T17:44:08: > detailer-app@0.1.0 start
2026-01-30T17:44:08: > next start
2026-01-30T17:44:08: 
2026-01-30T17:44:08: ▲ Next.js 16.1.6
2026-01-30T17:44:08: - Local:         http://localhost:6060
2026-01-30T17:44:08: - Network:       http://192.168.254.110:6060
2026-01-30T17:44:08: 
2026-01-30T17:44:08: ✓ Starting...
2026-01-30T17:44:08: 
2026-01-30T17:44:08: > detailer-app@0.1.0 start
2026-01-30T17:44:08: > next start
2026-01-30T17:44:08: 
2026-01-30T17:44:09: ▲ Next.js 16.1.6
2026-01-30T17:44:09: - Local:         http://localhost:6060
2026-01-30T17:44:09: - Network:       http://192.168.254.110:6060
2026-01-30T17:44:09: 
2026-01-30T17:44:09: ✓ Starting...
2026-01-30T17:44:09: 
2026-01-30T17:44:09: > detailer-app@0.1.0 start
2026-01-30T17:44:09: > next start
2026-01-30T17:44:09: 
2026-01-30T17:44:09: ▲ Next.js 16.1.6
2026-01-30T17:44:09: - Local:         http://localhost:6060
2026-01-30T17:44:09: - Network:       http://192.168.254.110:6060
2026-01-30T17:44:09: 
2026-01-30T17:44:09: ✓ Starting...
2026-01-30T17:44:09: 
2026-01-30T17:44:09: > detailer-app@0.1.0 start
2026-01-30T17:44:09: > next start
2026-01-30T17:44:09: 
2026-01-30T17:44:10: ▲ Next.js 16.1.6
2026-01-30T17:44:10: - Local:         http://localhost:6060
2026-01-30T17:44:10: - Network:       http://192.168.254.110:6060
2026-01-30T17:44:10: 
2026-01-30T17:44:10: ✓ Starting...
2026-01-30T17:44:10: 
2026-01-30T17:44:10: > detailer-app@0.1.0 start
2026-01-30T17:44:10: > next start
2026-01-30T17:44:10: 
2026-01-30T17:44:10: ▲ Next.js 16.1.6
2026-01-30T17:44:10: - Local:         http://localhost:6060
2026-01-30T17:44:10: - Network:       http://192.168.254.110:6060
2026-01-30T17:44:10: 
2026-01-30T17:44:10: ✓ Starting...
2026-01-30T17:44:10: 
2026-01-30T17:44:10: > detailer-app@0.1.0 start
2026-01-30T17:44:10: > next start
2026-01-30T17:44:10: 
2026-01-30T17:44:11: ▲ Next.js 16.1.6
2026-01-30T17:44:11: - Local:         http://localhost:6060
2026-01-30T17:44:11: - Network:       http://192.168.254.110:6060
2026-01-30T17:44:11: 
2026-01-30T17:44:11: ✓ Starting...
2026-01-30T17:44:11: 
2026-01-30T17:44:11: > detailer-app@0.1.0 start
2026-01-30T17:44:11: > next start
2026-01-30T17:44:11: 
2026-01-30T17:44:11: ▲ Next.js 16.1.6
2026-01-30T17:44:11: - Local:         http://localhost:6060
2026-01-30T17:44:11: - Network:       http://192.168.254.110:6060
2026-01-30T17:44:11: 
2026-01-30T17:44:11: ✓ Starting...
2026-01-30T17:44:11: 
2026-01-30T17:44:11: > detailer-app@0.1.0 start
2026-01-30T17:44:11: > next start
2026-01-30T17:44:11: 
2026-01-30T17:44:12: ▲ Next.js 16.1.6
2026-01-30T17:44:12: - Local:         http://localhost:6060
2026-01-30T17:44:12: - Network:       http://192.168.254.110:6060
2026-01-30T17:44:12: 
2026-01-30T17:44:12: ✓ Starting...
2026-01-30T17:44:12: 
2026-01-30T17:44:12: > detailer-app@0.1.0 start
2026-01-30T17:44:12: > next start
2026-01-30T17:44:12: 
2026-01-30T17:44:12: ▲ Next.js 16.1.6
2026-01-30T17:44:12: - Local:         http://localhost:6060
2026-01-30T17:44:12: - Network:       http://192.168.254.110:6060
2026-01-30T17:44:12: 
2026-01-30T17:44:12: ✓ Starting...
2026-01-30T17:44:13: 
2026-01-30T17:44:13: > detailer-app@0.1.0 start
2026-01-30T17:44:13: > next start
2026-01-30T17:44:13: 
2026-01-30T17:44:13: ▲ Next.js 16.1.6
2026-01-30T17:44:13: - Local:         http://localhost:6060
2026-01-30T17:44:13: - Network:       http://192.168.254.110:6060
2026-01-30T17:44:13: 
2026-01-30T17:44:13: ✓ Starting...
2026-01-30T17:44:13: 
2026-01-30T17:44:13: > detailer-app@0.1.0 start
2026-01-30T17:44:13: > next start
2026-01-30T17:44:13: 
2026-01-30T17:44:13: ▲ Next.js 16.1.6
2026-01-30T17:44:13: - Local:         http://localhost:6060
2026-01-30T17:44:13: - Network:       http://192.168.254.110:6060
2026-01-30T17:44:13: 
2026-01-30T17:44:13: ✓ Starting...
2026-01-30T17:44:14: 
2026-01-30T17:44:14: > detailer-app@0.1.0 start
2026-01-30T17:44:14: > next start
2026-01-30T17:44:14: 
2026-01-30T17:44:14: ▲ Next.js 16.1.6
2026-01-30T17:44:14: - Local:         http://localhost:6060
2026-01-30T17:44:14: - Network:       http://192.168.254.110:6060
2026-01-30T17:44:14: 
2026-01-30T17:44:14: ✓ Starting...
2026-01-30T17:44:14: 
2026-01-30T17:44:14: > detailer-app@0.1.0 start
2026-01-30T17:44:14: > next start
2026-01-30T17:44:14: 
2026-01-30T17:44:15: ▲ Next.js 16.1.6
2026-01-30T17:44:15: - Local:         http://localhost:6060
2026-01-30T17:44:15: - Network:       http://192.168.254.110:6060
2026-01-30T17:44:15: 
2026-01-30T17:44:15: ✓ Starting...
2026-01-30T17:45:53: 
2026-01-30T17:45:53: > detailer-app@0.1.0 start
2026-01-30T17:45:53: > next start
2026-01-30T17:45:53: 
2026-01-30T17:45:53: ▲ Next.js 16.1.6
2026-01-30T17:45:53: - Local:         http://localhost:6060
2026-01-30T17:45:53: - Network:       http://192.168.254.110:6060
2026-01-30T17:45:53: 
2026-01-30T17:45:53: ✓ Starting...
2026-01-30T17:45:53: ✓ Ready in 227ms
2026-01-30T17:47:05: 
2026-01-30T17:47:05: > detailer-app@0.1.0 start
2026-01-30T17:47:05: > next start
2026-01-30T17:47:05: 
2026-01-30T17:47:05: ▲ Next.js 16.1.6
2026-01-30T17:47:05: - Local:         http://localhost:6060
2026-01-30T17:47:05: - Network:       http://192.168.254.110:6060
2026-01-30T17:47:05: 
2026-01-30T17:47:05: ✓ Starting...
2026-01-30T17:47:05: ✓ Ready in 230ms
2026-01-30T17:47:41: 
2026-01-30T17:47:41: > detailer-app@0.1.0 start
2026-01-30T17:47:41: > next start
2026-01-30T17:47:41: 
2026-01-30T17:47:42: ▲ Next.js 16.1.6
2026-01-30T17:47:42: - Local:         http://localhost:6060
2026-01-30T17:47:42: - Network:       http://192.168.254.110:6060
2026-01-30T17:47:42: 
2026-01-30T17:47:42: ✓ Starting...
2026-01-30T17:47:42: ✓ Ready in 277ms
